<?xml version="1.0" encoding="UTF-8"?>
<!-- Generated by org.testng.reporters.JUnitReportReporter -->
<testsuite hostname="LAPTOP-IVR6CHF7" failures="0" tests="1" name="testcases.LoginTest" time="4.832" errors="0" timestamp="2024-12-25T16:17:02 IST" skipped="0">
  <testcase classname="testcases.LoginTest" name="validLoginTest" time="4.832"/>
</testsuite> <!-- testcases.LoginTest -->
