<?xml version="1.0" encoding="UTF-8"?>
<!-- Generated by org.testng.reporters.JUnitReportReporter -->
<testsuite hostname="LAPTOP-IVR6CHF7" failures="0" tests="1" name="testcases.LoginTest" time="6.589" errors="0" timestamp="2024-12-20T05:46:38 IST" skipped="0">
  <testcase classname="testcases.LoginTest" name="validLoginTest" time="6.589"/>
</testsuite> <!-- testcases.LoginTest -->
