<?xml version="1.0" encoding="UTF-8"?>
<!-- Generated by org.testng.reporters.JUnitReportReporter -->
<testsuite hostname="LAPTOP-IVR6CHF7" failures="0" tests="1" name="testcases.LoginTest" time="4.420" errors="0" timestamp="2024-12-23T20:59:24 IST" skipped="0">
  <testcase classname="testcases.LoginTest" name="validLoginTest" time="4.420"/>
</testsuite> <!-- testcases.LoginTest -->
